<?xml version="1.0" encoding="UTF-8"?>
<!-- Generated by org.testng.reporters.JUnitReportReporter -->
<testsuite hostname="IBM-Testing01" name="testNGPakageDemo.DependsOnMethods" tests="3" failures="0" timestamp="6 Jan 2020 11:19:16 GMT" time="0.015" errors="0">
  <testcase name="startApp" time="0.015" classname="testNGPakageDemo.DependsOnMethods"/>
  <testcase name="logout" time="0.000" classname="testNGPakageDemo.DependsOnMethods"/>
  <testcase name="login" time="0.000" classname="testNGPakageDemo.DependsOnMethods"/>
</testsuite> <!-- testNGPakageDemo.DependsOnMethods -->
