<?xml version="1.0" encoding="UTF-8"?>
<!-- Generated by org.testng.reporters.JUnitReportReporter -->
<testsuite hostname="IBM-Testing01" name="testNGPakageDemo.PriorityDemo" tests="3" failures="0" timestamp="6 Jan 2020 11:04:44 GMT" time="0.021" errors="0">
  <testcase name="logout" time="0.004" classname="testNGPakageDemo.PriorityDemo"/>
  <testcase name="login" time="0.003" classname="testNGPakageDemo.PriorityDemo"/>
  <testcase name="startApp" time="0.014" classname="testNGPakageDemo.PriorityDemo"/>
</testsuite> <!-- testNGPakageDemo.PriorityDemo -->
