<?xml version="1.0" encoding="UTF-8"?>
<!-- Generated by org.testng.reporters.JUnitReportReporter -->
<testsuite hostname="IBM-Testing01" name="testNGPakageDemo.DataProviderDemo" tests="2" failures="0" timestamp="8 Jan 2020 04:36:41 GMT" time="14.578" errors="0">
  <testcase name="f" time="10.815" classname="testNGPakageDemo.DataProviderDemo"/>
  <testcase name="f" time="3.763" classname="testNGPakageDemo.DataProviderDemo"/>
</testsuite> <!-- testNGPakageDemo.DataProviderDemo -->
