<?xml version="1.0" encoding="UTF-8"?>
<!-- Generated by org.testng.reporters.JUnitReportReporter -->
<testsuite hostname="IBM-Testing01" name="groupsDemo.Testclass2" tests="1" failures="0" timestamp="8 Jan 2020 05:47:57 GMT" time="0.001" errors="0">
  <testcase name="Test8" time="0.001" classname="groupsDemo.Testclass2"/>
</testsuite> <!-- groupsDemo.Testclass2 -->
