<?xml version="1.0" encoding="UTF-8"?>
<!-- Generated by org.testng.reporters.JUnitReportReporter -->
<testsuite hostname="IBM-Testing01" name="groupsDemo.Testclass1" tests="3" failures="0" timestamp="8 Jan 2020 05:47:57 GMT" time="0.013" errors="0">
  <testcase name="Test3" time="0.001" classname="groupsDemo.Testclass1"/>
  <testcase name="Test1" time="0.011" classname="groupsDemo.Testclass1"/>
  <testcase name="Test2" time="0.001" classname="groupsDemo.Testclass1"/>
</testsuite> <!-- groupsDemo.Testclass1 -->
