<?xml version="1.0" encoding="UTF-8"?>
<!-- Generated by org.testng.reporters.JUnitReportReporter -->
<testsuite skipped="0" hostname="IBM-Testing01" name="testNGPakageDemo.SeleniumGrid" tests="1" failures="0" timestamp="14 Jan 2020 11:15:15 GMT" time="10.283" errors="0">
  <testcase name="verifyLogin" time="10.283" classname="testNGPakageDemo.SeleniumGrid"/>
</testsuite> <!-- testNGPakageDemo.SeleniumGrid -->
