<?xml version="1.0" encoding="UTF-8"?>
<!-- Generated by org.testng.reporters.JUnitReportReporter -->
<testsuite hostname="IBM-Testing01" name="testNGPakageDemo.AnnotationDemo" tests="1" failures="0" timestamp="6 Jan 2020 09:56:31 GMT" time="0.010" errors="0">
  <testcase name="checktitle" time="0.010" classname="testNGPakageDemo.AnnotationDemo"/>
</testsuite> <!-- testNGPakageDemo.AnnotationDemo -->
